<?xml version="1.0" encoding="UTF-8"?>
<!-- Generated by org.testng.reporters.JUnitXMLReporter -->
<testsuite hostname="ew2vdiw8950" ignored="0" name="AdminDashboardPageTest" tests="3" failures="0" timestamp="16 Sep 2019 12:59:27 GMT" time="66.161" errors="0">
  <testcase name="mint1234" time="39.391" classname="com.crm.qa.mintTestCases.MINT1234"/>
  <testcase name="validateAdminPageHeadingTest" time="1.256" classname="com.crm.qa.testCases.AdminDashboardPageTest"/>
  <testcase name="verifyElementPresense" time="2.583" classname="com.crm.qa.testCases.AdminDashboardPageTest"/>
</testsuite> <!-- AdminDashboardPageTest -->
