<?xml version="1.0" encoding="UTF-8"?>
<!-- Generated by org.testng.reporters.JUnitXMLReporter -->
<testsuite hostname="ew2vdiw8950" ignored="0" name="LoginPageTest" tests="4" failures="0" timestamp="16 Sep 2019 12:58:09 GMT" time="44.384" errors="0">
  <testcase name="titleTest" time="0.072" classname="com.crm.qa.testCases.LoginPageTest"/>
  <testcase name="validateLogoTest" time="0.075" classname="com.crm.qa.testCases.LoginPageTest"/>
  <testcase name="validateCopyrightTextTest" time="0.047" classname="com.crm.qa.testCases.LoginPageTest"/>
  <testcase name="userLoginTest" time="1.864" classname="com.crm.qa.testCases.LoginPageTest"/>
</testsuite> <!-- LoginPageTest -->
