<?xml version="1.0" encoding="UTF-8"?>
<!-- Generated by org.testng.reporters.JUnitXMLReporter -->
<testsuite hostname="AMITHENS-HP" ignored="0" name="Default test" tests="4" failures="0" timestamp="26 Aug 2019 18:49:27 GMT" time="79.746" errors="0">
  <testcase name="titleTest" time="0.134" classname="com.crm.qa.testCases.LoginPageTest"/>
  <testcase name="validateLogoTest" time="0.164" classname="com.crm.qa.testCases.LoginPageTest"/>
  <testcase name="validateCopyrightTextTest" time="0.208" classname="com.crm.qa.testCases.LoginPageTest"/>
  <testcase name="userLoginTest" time="3.203" classname="com.crm.qa.testCases.LoginPageTest"/>
</testsuite> <!-- Default test -->
