<?xml version="1.0" encoding="UTF-8"?>
<!-- Generated by org.testng.reporters.JUnitXMLReporter -->
<testsuite hostname="AMITHENS-HP" ignored="0" name="Default test" tests="4" failures="0" timestamp="07 Sep 2019 06:43:07 GMT" time="106.564" errors="0">
  <testcase name="titleTest" time="0.669" classname="com.crm.qa.testCases.LoginPageTest"/>
  <testcase name="validateLogoTest" time="0.27" classname="com.crm.qa.testCases.LoginPageTest"/>
  <testcase name="validateCopyrightTextTest" time="0.468" classname="com.crm.qa.testCases.LoginPageTest"/>
  <testcase name="userLoginTest" time="3.467" classname="com.crm.qa.testCases.LoginPageTest"/>
</testsuite> <!-- Default test -->
