<?xml version="1.0" encoding="UTF-8"?>
<testng-results skipped="0" failed="1" ignored="0" total="7" passed="6">
  <reporter-output>
  </reporter-output>
  <suite name="Command line suite" duration-ms="192044" started-at="2019-09-07T07:40:19Z" finished-at="2019-09-07T07:43:31Z">
    <groups>
    </groups>
    <test name="Command line test" duration-ms="192044" started-at="2019-09-07T07:40:19Z" finished-at="2019-09-07T07:43:31Z">
      <class name="com.crm.qa.testCases.LoginPageTest">
        <test-method status="PASS" signature="setup()[pri:0, instance:com.crm.qa.testCases.LoginPageTest@7d907bac]" name="setup" is-config="true" duration-ms="19570" started-at="2019-09-07T07:41:40Z" finished-at="2019-09-07T07:41:59Z">
          <reporter-output>
          </reporter-output>
        </test-method> <!-- setup -->
        <test-method status="PASS" signature="titleTest()[pri:1, instance:com.crm.qa.testCases.LoginPageTest@7d907bac]" name="titleTest" duration-ms="18" started-at="2019-09-07T07:41:59Z" finished-at="2019-09-07T07:41:59Z">
          <reporter-output>
          </reporter-output>
        </test-method> <!-- titleTest -->
        <test-method status="PASS" signature="tearDown()[pri:0, instance:com.crm.qa.testCases.LoginPageTest@7d907bac]" name="tearDown" is-config="true" duration-ms="2731" started-at="2019-09-07T07:41:59Z" finished-at="2019-09-07T07:42:02Z">
          <reporter-output>
          </reporter-output>
        </test-method> <!-- tearDown -->
        <test-method status="PASS" signature="setup()[pri:0, instance:com.crm.qa.testCases.LoginPageTest@7d907bac]" name="setup" is-config="true" duration-ms="19385" started-at="2019-09-07T07:42:25Z" finished-at="2019-09-07T07:42:45Z">
          <reporter-output>
          </reporter-output>
        </test-method> <!-- setup -->
        <test-method status="PASS" signature="validateLogoTest()[pri:2, instance:com.crm.qa.testCases.LoginPageTest@7d907bac]" name="validateLogoTest" duration-ms="76" started-at="2019-09-07T07:42:45Z" finished-at="2019-09-07T07:42:45Z">
          <reporter-output>
          </reporter-output>
        </test-method> <!-- validateLogoTest -->
        <test-method status="PASS" signature="tearDown()[pri:0, instance:com.crm.qa.testCases.LoginPageTest@7d907bac]" name="tearDown" is-config="true" duration-ms="735" started-at="2019-09-07T07:42:45Z" finished-at="2019-09-07T07:42:46Z">
          <reporter-output>
          </reporter-output>
        </test-method> <!-- tearDown -->
        <test-method status="PASS" signature="setup()[pri:0, instance:com.crm.qa.testCases.LoginPageTest@7d907bac]" name="setup" is-config="true" duration-ms="22675" started-at="2019-09-07T07:42:46Z" finished-at="2019-09-07T07:43:08Z">
          <reporter-output>
          </reporter-output>
        </test-method> <!-- setup -->
        <test-method status="PASS" signature="validateCopyrightTextTest()[pri:3, instance:com.crm.qa.testCases.LoginPageTest@7d907bac]" name="validateCopyrightTextTest" duration-ms="71" started-at="2019-09-07T07:43:08Z" finished-at="2019-09-07T07:43:08Z">
          <reporter-output>
          </reporter-output>
        </test-method> <!-- validateCopyrightTextTest -->
        <test-method status="PASS" signature="tearDown()[pri:0, instance:com.crm.qa.testCases.LoginPageTest@7d907bac]" name="tearDown" is-config="true" duration-ms="882" started-at="2019-09-07T07:43:08Z" finished-at="2019-09-07T07:43:09Z">
          <reporter-output>
          </reporter-output>
        </test-method> <!-- tearDown -->
        <test-method status="PASS" signature="setup()[pri:0, instance:com.crm.qa.testCases.LoginPageTest@7d907bac]" name="setup" is-config="true" duration-ms="18478" started-at="2019-09-07T07:43:09Z" finished-at="2019-09-07T07:43:28Z">
          <reporter-output>
          </reporter-output>
        </test-method> <!-- setup -->
        <test-method status="PASS" signature="userLoginTest()[pri:4, instance:com.crm.qa.testCases.LoginPageTest@7d907bac]" name="userLoginTest" duration-ms="2739" started-at="2019-09-07T07:43:28Z" finished-at="2019-09-07T07:43:30Z">
          <reporter-output>
          </reporter-output>
        </test-method> <!-- userLoginTest -->
        <test-method status="PASS" signature="tearDown()[pri:0, instance:com.crm.qa.testCases.LoginPageTest@7d907bac]" name="tearDown" is-config="true" duration-ms="795" started-at="2019-09-07T07:43:30Z" finished-at="2019-09-07T07:43:31Z">
          <reporter-output>
          </reporter-output>
        </test-method> <!-- tearDown -->
      </class> <!-- com.crm.qa.testCases.LoginPageTest -->
      <class name="com.crm.qa.testCases.AdminDashboardPageTest">
        <test-method status="PASS" signature="setup()[pri:0, instance:com.crm.qa.testCases.AdminDashboardPageTest@1f28c152]" name="setup" is-config="true" duration-ms="22655" started-at="2019-09-07T07:41:00Z" finished-at="2019-09-07T07:41:23Z">
          <reporter-output>
          </reporter-output>
        </test-method> <!-- setup -->
        <test-method status="PASS" signature="validateAdminPageHeadingTest()[pri:1, instance:com.crm.qa.testCases.AdminDashboardPageTest@1f28c152]" name="validateAdminPageHeadingTest" duration-ms="2616" started-at="2019-09-07T07:41:23Z" finished-at="2019-09-07T07:41:25Z">
          <reporter-output>
          </reporter-output>
        </test-method> <!-- validateAdminPageHeadingTest -->
        <test-method status="PASS" signature="tearDown()[pri:0, instance:com.crm.qa.testCases.AdminDashboardPageTest@1f28c152]" name="tearDown" is-config="true" duration-ms="14422" started-at="2019-09-07T07:41:25Z" finished-at="2019-09-07T07:41:40Z">
          <reporter-output>
          </reporter-output>
        </test-method> <!-- tearDown -->
        <test-method status="PASS" signature="setup()[pri:0, instance:com.crm.qa.testCases.AdminDashboardPageTest@1f28c152]" name="setup" is-config="true" duration-ms="17821" started-at="2019-09-07T07:42:02Z" finished-at="2019-09-07T07:42:20Z">
          <reporter-output>
          </reporter-output>
        </test-method> <!-- setup -->
        <test-method status="FAIL" signature="verifyElementPresense()[pri:2, instance:com.crm.qa.testCases.AdminDashboardPageTest@1f28c152]" name="verifyElementPresense" duration-ms="4527" started-at="2019-09-07T07:42:20Z" finished-at="2019-09-07T07:42:24Z">
          <exception class="java.lang.AssertionError">
            <message>
              <![CDATA[Element verification failed]]>
            </message>
            <full-stacktrace>
              <![CDATA[java.lang.AssertionError: Element verification failed
at org.testng.Assert.fail(Assert.java:96)
at com.crm.qa.base.BaseTest.reportFail(BaseTest.java:107)
at com.crm.qa.testCases.AdminDashboardPageTest.verifyElementPresense(AdminDashboardPageTest.java:47)
at sun.reflect.NativeMethodAccessorImpl.invoke0(Native Method)
at sun.reflect.NativeMethodAccessorImpl.invoke(NativeMethodAccessorImpl.java:62)
at sun.reflect.DelegatingMethodAccessorImpl.invoke(DelegatingMethodAccessorImpl.java:43)
at java.lang.reflect.Method.invoke(Method.java:498)
at org.testng.internal.MethodInvocationHelper.invokeMethod(MethodInvocationHelper.java:124)
at org.testng.internal.Invoker.invokeMethod(Invoker.java:583)
at org.testng.internal.Invoker.invokeTestMethod(Invoker.java:719)
at org.testng.internal.Invoker.invokeTestMethods(Invoker.java:989)
at org.testng.internal.TestMethodWorker.invokeTestMethods(TestMethodWorker.java:125)
at org.testng.internal.TestMethodWorker.run(TestMethodWorker.java:109)
at org.testng.TestRunner.privateRun(TestRunner.java:648)
at org.testng.TestRunner.run(TestRunner.java:505)
at org.testng.SuiteRunner.runTest(SuiteRunner.java:455)
at org.testng.SuiteRunner.runSequentially(SuiteRunner.java:450)
at org.testng.SuiteRunner.privateRun(SuiteRunner.java:415)
at org.testng.SuiteRunner.run(SuiteRunner.java:364)
at org.testng.SuiteRunnerWorker.runSuite(SuiteRunnerWorker.java:52)
at org.testng.SuiteRunnerWorker.run(SuiteRunnerWorker.java:84)
at org.testng.TestNG.runSuitesSequentially(TestNG.java:1208)
at org.testng.TestNG.runSuitesLocally(TestNG.java:1137)
at org.testng.TestNG.runSuites(TestNG.java:1049)
at org.testng.TestNG.run(TestNG.java:1017)
at org.apache.maven.surefire.testng.TestNGExecutor.run(TestNGExecutor.java:77)
at org.apache.maven.surefire.testng.TestNGDirectoryTestSuite.executeMulti(TestNGDirectoryTestSuite.java:159)
at org.apache.maven.surefire.testng.TestNGDirectoryTestSuite.execute(TestNGDirectoryTestSuite.java:99)
at org.apache.maven.surefire.testng.TestNGProvider.invoke(TestNGProvider.java:106)
at sun.reflect.NativeMethodAccessorImpl.invoke0(Native Method)
at sun.reflect.NativeMethodAccessorImpl.invoke(NativeMethodAccessorImpl.java:62)
at sun.reflect.DelegatingMethodAccessorImpl.invoke(DelegatingMethodAccessorImpl.java:43)
at java.lang.reflect.Method.invoke(Method.java:498)
at org.apache.maven.surefire.util.ReflectionUtils.invokeMethodWithArray(ReflectionUtils.java:189)
at org.apache.maven.surefire.booter.ProviderFactory$ProviderProxy.invoke(ProviderFactory.java:165)
at org.apache.maven.surefire.booter.ProviderFactory.invokeProvider(ProviderFactory.java:85)
at org.apache.maven.surefire.booter.ForkedBooter.runSuitesInProcess(ForkedBooter.java:115)
at org.apache.maven.surefire.booter.ForkedBooter.main(ForkedBooter.java:75)
]]>
            </full-stacktrace>
          </exception> <!-- java.lang.AssertionError -->
          <reporter-output>
          </reporter-output>
        </test-method> <!-- verifyElementPresense -->
        <test-method status="PASS" signature="tearDown()[pri:0, instance:com.crm.qa.testCases.AdminDashboardPageTest@1f28c152]" name="tearDown" is-config="true" duration-ms="783" started-at="2019-09-07T07:42:25Z" finished-at="2019-09-07T07:42:25Z">
          <reporter-output>
          </reporter-output>
        </test-method> <!-- tearDown -->
      </class> <!-- com.crm.qa.testCases.AdminDashboardPageTest -->
      <class name="com.crm.qa.testCases.CoursesPageTest">
        <test-method status="PASS" signature="setup()[pri:0, instance:com.crm.qa.testCases.CoursesPageTest@369f73a2]" name="setup" is-config="true" duration-ms="38156" started-at="2019-09-07T07:40:19Z" finished-at="2019-09-07T07:40:57Z">
          <reporter-output>
          </reporter-output>
        </test-method> <!-- setup -->
        <test-method status="PASS" signature="validateCoursesPageHeadingTest()[pri:0, instance:com.crm.qa.testCases.CoursesPageTest@369f73a2]" name="validateCoursesPageHeadingTest" duration-ms="2582" started-at="2019-09-07T07:40:57Z" finished-at="2019-09-07T07:41:00Z">
          <reporter-output>
          </reporter-output>
        </test-method> <!-- validateCoursesPageHeadingTest -->
        <test-method status="PASS" signature="tearDown()[pri:0, instance:com.crm.qa.testCases.CoursesPageTest@369f73a2]" name="tearDown" is-config="true" duration-ms="137" started-at="2019-09-07T07:43:31Z" finished-at="2019-09-07T07:43:31Z">
          <reporter-output>
          </reporter-output>
        </test-method> <!-- tearDown -->
      </class> <!-- com.crm.qa.testCases.CoursesPageTest -->
    </test> <!-- Command line test -->
  </suite> <!-- Command line suite -->
</testng-results>
