<?xml version="1.0" encoding="UTF-8" ?>
<testsuite tests="7" failures="1" name="TestSuite" time="12.708" errors="0" skipped="0">
  <properties>
[...]
</properties>
  <testcase classname="com.crm.qa.testCases.CoursesPageTest" name="validateCoursesPageHeadingTest" time="2.587"/>
  <testcase classname="com.crm.qa.testCases.AdminDashboardPageTest" name="validateAdminPageHeadingTest" time="2.617"/>
  <testcase classname="com.crm.qa.testCases.LoginPageTest" name="titleTest" time="0.018"/>
  <testcase classname="com.crm.qa.testCases.AdminDashboardPageTest" name="verifyElementPresense" time="4.605">
    <failure message="Element verification failed" type="java.lang.AssertionError">java.lang.AssertionError: Element verification failed
	at org.testng.Assert.fail(Assert.java:96)
	at com.crm.qa.base.BaseTest.reportFail(BaseTest.java:107)
	at com.crm.qa.testCases.AdminDashboardPageTest.verifyElementPresense(AdminDashboardPageTest.java:47)
</failure>
    <system-err>Starting ChromeDriver 75.0.3770.140 (2d9f97485c7b07dc18a74666574f19176731995c-refs/branch-heads/3770@{#1155}) on port 30549
Only local connections are allowed.
Please protect ports used by ChromeDriver and related test frameworks to prevent access by malicious code.
[1567842125.813][WARNING]: This version of ChromeDriver has not been tested with Chrome version 76.
[1567842127.825][WARNING]: Timed out connecting to Chrome, retrying...
Sep 07, 2019 1:12:09 PM org.openqa.selenium.remote.ProtocolHandshake createSession
INFO: Detected dialect: W3C
[1567842131.895][WARNING]: Timed out connecting to Chrome, retrying...
</system-err>
  </testcase>
  <testcase classname="com.crm.qa.testCases.LoginPageTest" name="validateLogoTest" time="0.076"/>
  <testcase classname="com.crm.qa.testCases.LoginPageTest" name="validateCopyrightTextTest" time="0.066"/>
  <testcase classname="com.crm.qa.testCases.LoginPageTest" name="userLoginTest" time="2.739"/>
</testsuite>