<?xml version="1.0" encoding="UTF-8"?>
<testng-results skipped="0" failed="0" ignored="0" total="8" passed="8">
  <reporter-output>
  </reporter-output>
  <suite name="PageFactoryDemo" duration-ms="122718" started-at="2019-09-16T12:57:24Z" finished-at="2019-09-16T12:59:27Z">
    <groups>
    </groups>
    <test name="LoginPageTest" duration-ms="44384" started-at="2019-09-16T12:57:24Z" finished-at="2019-09-16T12:58:09Z">
      <class name="com.crm.qa.testCases.LoginPageTest">
        <test-method status="PASS" signature="setup()[pri:0, instance:com.crm.qa.testCases.LoginPageTest@204f30ec]" name="setup" is-config="true" duration-ms="10132" started-at="2019-09-16T12:57:24Z" finished-at="2019-09-16T12:57:34Z">
          <reporter-output>
          </reporter-output>
        </test-method> <!-- setup -->
        <test-method status="PASS" signature="titleTest()[pri:1, instance:com.crm.qa.testCases.LoginPageTest@204f30ec]" name="titleTest" duration-ms="72" started-at="2019-09-16T12:57:34Z" finished-at="2019-09-16T12:57:35Z">
          <reporter-output>
          </reporter-output>
        </test-method> <!-- titleTest -->
        <test-method status="PASS" signature="tearDown()[pri:0, instance:com.crm.qa.testCases.LoginPageTest@204f30ec]" name="tearDown" is-config="true" duration-ms="987" started-at="2019-09-16T12:57:35Z" finished-at="2019-09-16T12:57:36Z">
          <reporter-output>
          </reporter-output>
        </test-method> <!-- tearDown -->
        <test-method status="PASS" signature="setup()[pri:0, instance:com.crm.qa.testCases.LoginPageTest@204f30ec]" name="setup" is-config="true" duration-ms="9130" started-at="2019-09-16T12:57:36Z" finished-at="2019-09-16T12:57:45Z">
          <reporter-output>
          </reporter-output>
        </test-method> <!-- setup -->
        <test-method status="PASS" signature="validateLogoTest()[pri:2, instance:com.crm.qa.testCases.LoginPageTest@204f30ec]" name="validateLogoTest" duration-ms="75" started-at="2019-09-16T12:57:45Z" finished-at="2019-09-16T12:57:45Z">
          <reporter-output>
          </reporter-output>
        </test-method> <!-- validateLogoTest -->
        <test-method status="PASS" signature="tearDown()[pri:0, instance:com.crm.qa.testCases.LoginPageTest@204f30ec]" name="tearDown" is-config="true" duration-ms="932" started-at="2019-09-16T12:57:45Z" finished-at="2019-09-16T12:57:46Z">
          <reporter-output>
          </reporter-output>
        </test-method> <!-- tearDown -->
        <test-method status="PASS" signature="setup()[pri:0, instance:com.crm.qa.testCases.LoginPageTest@204f30ec]" name="setup" is-config="true" duration-ms="9264" started-at="2019-09-16T12:57:46Z" finished-at="2019-09-16T12:57:55Z">
          <reporter-output>
          </reporter-output>
        </test-method> <!-- setup -->
        <test-method status="PASS" signature="validateCopyrightTextTest()[pri:3, instance:com.crm.qa.testCases.LoginPageTest@204f30ec]" name="validateCopyrightTextTest" duration-ms="47" started-at="2019-09-16T12:57:55Z" finished-at="2019-09-16T12:57:55Z">
          <reporter-output>
          </reporter-output>
        </test-method> <!-- validateCopyrightTextTest -->
        <test-method status="PASS" signature="tearDown()[pri:0, instance:com.crm.qa.testCases.LoginPageTest@204f30ec]" name="tearDown" is-config="true" duration-ms="1027" started-at="2019-09-16T12:57:55Z" finished-at="2019-09-16T12:57:56Z">
          <reporter-output>
          </reporter-output>
        </test-method> <!-- tearDown -->
        <test-method status="PASS" signature="setup()[pri:0, instance:com.crm.qa.testCases.LoginPageTest@204f30ec]" name="setup" is-config="true" duration-ms="9791" started-at="2019-09-16T12:57:56Z" finished-at="2019-09-16T12:58:06Z">
          <reporter-output>
          </reporter-output>
        </test-method> <!-- setup -->
        <test-method status="PASS" signature="userLoginTest()[pri:4, instance:com.crm.qa.testCases.LoginPageTest@204f30ec]" name="userLoginTest" duration-ms="1864" started-at="2019-09-16T12:58:06Z" finished-at="2019-09-16T12:58:08Z">
          <reporter-output>
          </reporter-output>
        </test-method> <!-- userLoginTest -->
        <test-method status="PASS" signature="tearDown()[pri:0, instance:com.crm.qa.testCases.LoginPageTest@204f30ec]" name="tearDown" is-config="true" duration-ms="1030" started-at="2019-09-16T12:58:08Z" finished-at="2019-09-16T12:58:09Z">
          <reporter-output>
          </reporter-output>
        </test-method> <!-- tearDown -->
      </class> <!-- com.crm.qa.testCases.LoginPageTest -->
    </test> <!-- LoginPageTest -->
    <test name="CoursesPageTest" duration-ms="12129" started-at="2019-09-16T12:58:09Z" finished-at="2019-09-16T12:58:21Z">
      <class name="com.crm.qa.testCases.CoursesPageTest">
        <test-method status="PASS" signature="setup()[pri:0, instance:com.crm.qa.testCases.CoursesPageTest@6e1567f1]" name="setup" is-config="true" duration-ms="9418" started-at="2019-09-16T12:58:09Z" finished-at="2019-09-16T12:58:18Z">
          <reporter-output>
          </reporter-output>
        </test-method> <!-- setup -->
        <test-method status="PASS" signature="validateCoursesPageHeadingTest()[pri:0, instance:com.crm.qa.testCases.CoursesPageTest@6e1567f1]" name="validateCoursesPageHeadingTest" duration-ms="1708" started-at="2019-09-16T12:58:18Z" finished-at="2019-09-16T12:58:20Z">
          <reporter-output>
          </reporter-output>
        </test-method> <!-- validateCoursesPageHeadingTest -->
        <test-method status="PASS" signature="tearDown()[pri:0, instance:com.crm.qa.testCases.CoursesPageTest@6e1567f1]" name="tearDown" is-config="true" duration-ms="993" started-at="2019-09-16T12:58:20Z" finished-at="2019-09-16T12:58:21Z">
          <reporter-output>
          </reporter-output>
        </test-method> <!-- tearDown -->
      </class> <!-- com.crm.qa.testCases.CoursesPageTest -->
    </test> <!-- CoursesPageTest -->
    <test name="AdminDashboardPageTest" duration-ms="66161" started-at="2019-09-16T12:58:21Z" finished-at="2019-09-16T12:59:27Z">
      <class name="com.crm.qa.testCases.LoginPageTest">
        <test-method status="PASS" signature="beforeSuite()[pri:0, instance:com.crm.qa.testCases.LoginPageTest@204f30ec]" name="beforeSuite" is-config="true" duration-ms="183" started-at="2019-09-16T12:57:24Z" finished-at="2019-09-16T12:57:24Z">
          <reporter-output>
          </reporter-output>
        </test-method> <!-- beforeSuite -->
        <test-method status="PASS" signature="afterSuite()[pri:0, instance:com.crm.qa.testCases.LoginPageTest@204f30ec]" name="afterSuite" is-config="true" duration-ms="334" started-at="2019-09-16T12:59:27Z" finished-at="2019-09-16T12:59:27Z">
          <reporter-output>
          </reporter-output>
        </test-method> <!-- afterSuite -->
      </class> <!-- com.crm.qa.testCases.LoginPageTest -->
      <class name="com.crm.qa.mintTestCases.MINT1234">
        <test-method status="PASS" signature="mint1234(java.util.HashMap)[pri:0, instance:com.crm.qa.mintTestCases.MINT1234@73846619]" name="mint1234" duration-ms="39391" started-at="2019-09-16T12:58:22Z" data-provider="dataProvider" finished-at="2019-09-16T12:59:01Z">
          <params>
            <param index="0">
              <value>
                <![CDATA[{RecordingToCopy=Tue, Apr 03, 02 50 PM, CopyToCourse=democourse1, CopyFromCourse=purge148}]]>
              </value>
            </param>
          </params>
          <reporter-output>
          </reporter-output>
        </test-method> <!-- mint1234 -->
        <test-method status="PASS" signature="tearDown()[pri:0, instance:com.crm.qa.mintTestCases.MINT1234@73846619]" name="tearDown" is-config="true" duration-ms="1052" started-at="2019-09-16T12:59:01Z" finished-at="2019-09-16T12:59:02Z">
          <reporter-output>
          </reporter-output>
        </test-method> <!-- tearDown -->
      </class> <!-- com.crm.qa.mintTestCases.MINT1234 -->
      <class name="com.crm.qa.testCases.AdminDashboardPageTest">
        <test-method status="PASS" signature="setup()[pri:0, instance:com.crm.qa.testCases.AdminDashboardPageTest@3159c4b8]" name="setup" is-config="true" duration-ms="9554" started-at="2019-09-16T12:59:02Z" finished-at="2019-09-16T12:59:12Z">
          <reporter-output>
          </reporter-output>
        </test-method> <!-- setup -->
        <test-method status="PASS" signature="validateAdminPageHeadingTest()[pri:1, instance:com.crm.qa.testCases.AdminDashboardPageTest@3159c4b8]" name="validateAdminPageHeadingTest" duration-ms="1256" started-at="2019-09-16T12:59:12Z" finished-at="2019-09-16T12:59:13Z">
          <reporter-output>
          </reporter-output>
        </test-method> <!-- validateAdminPageHeadingTest -->
        <test-method status="PASS" signature="tearDown()[pri:0, instance:com.crm.qa.testCases.AdminDashboardPageTest@3159c4b8]" name="tearDown" is-config="true" duration-ms="1466" started-at="2019-09-16T12:59:13Z" finished-at="2019-09-16T12:59:14Z">
          <reporter-output>
          </reporter-output>
        </test-method> <!-- tearDown -->
        <test-method status="PASS" signature="setup()[pri:0, instance:com.crm.qa.testCases.AdminDashboardPageTest@3159c4b8]" name="setup" is-config="true" duration-ms="9160" started-at="2019-09-16T12:59:14Z" finished-at="2019-09-16T12:59:23Z">
          <reporter-output>
          </reporter-output>
        </test-method> <!-- setup -->
        <test-method status="PASS" signature="verifyElementPresense()[pri:2, instance:com.crm.qa.testCases.AdminDashboardPageTest@3159c4b8]" name="verifyElementPresense" duration-ms="2583" started-at="2019-09-16T12:59:23Z" finished-at="2019-09-16T12:59:26Z">
          <reporter-output>
          </reporter-output>
        </test-method> <!-- verifyElementPresense -->
        <test-method status="PASS" signature="tearDown()[pri:0, instance:com.crm.qa.testCases.AdminDashboardPageTest@3159c4b8]" name="tearDown" is-config="true" duration-ms="987" started-at="2019-09-16T12:59:26Z" finished-at="2019-09-16T12:59:27Z">
          <reporter-output>
          </reporter-output>
        </test-method> <!-- tearDown -->
      </class> <!-- com.crm.qa.testCases.AdminDashboardPageTest -->
    </test> <!-- AdminDashboardPageTest -->
  </suite> <!-- PageFactoryDemo -->
</testng-results>
